{"C:\\Users\\m_ali\\My Folder\\Okul\\3.Sınıf\\1.Dönem\\Servis Odaklı Mimari\\web-server\\socketChatApp\\cryptoHelper.js": {"path":"C:\\Users\\m_ali\\My Folder\\Okul\\3.Sınıf\\1.Dönem\\Servis Odaklı Mimari\\web-server\\socketChatApp\\cryptoHelper.js","statementMap":{"0":{"start":{"line":1,"column":15},"end":{"line":1,"column":32}},"1":{"start":{"line":2,"column":18},"end":{"line":2,"column":36}},"2":{"start":{"line":6,"column":15},"end":{"line":6,"column":38}},"3":{"start":{"line":7,"column":4},"end":{"line":7,"column":29}},"4":{"start":{"line":8,"column":4},"end":{"line":8,"column":16}},"5":{"start":{"line":12,"column":4},"end":{"line":20,"column":7}},"6":{"start":{"line":24,"column":4},"end":{"line":29,"column":15}},"7":{"start":{"line":33,"column":4},"end":{"line":33,"column":42}},"8":{"start":{"line":37,"column":4},"end":{"line":37,"column":42}},"9":{"start":{"line":41,"column":4},"end":{"line":43,"column":7}},"10":{"start":{"line":48,"column":0},"end":{"line":48,"column":43}}},"fnMap":{"0":{"name":"(anonymous_0)","decl":{"start":{"line":5,"column":2},"end":{"line":5,"column":3}},"loc":{"start":{"line":5,"column":22},"end":{"line":9,"column":3}},"line":5},"1":{"name":"(anonymous_1)","decl":{"start":{"line":11,"column":2},"end":{"line":11,"column":3}},"loc":{"start":{"line":11,"column":40},"end":{"line":21,"column":3}},"line":11},"2":{"name":"(anonymous_2)","decl":{"start":{"line":23,"column":2},"end":{"line":23,"column":3}},"loc":{"start":{"line":23,"column":41},"end":{"line":30,"column":3}},"line":23},"3":{"name":"(anonymous_3)","decl":{"start":{"line":32,"column":2},"end":{"line":32,"column":3}},"loc":{"start":{"line":32,"column":31},"end":{"line":34,"column":3}},"line":32},"4":{"name":"(anonymous_4)","decl":{"start":{"line":36,"column":2},"end":{"line":36,"column":3}},"loc":{"start":{"line":36,"column":31},"end":{"line":38,"column":3}},"line":36},"5":{"name":"(anonymous_5)","decl":{"start":{"line":40,"column":2},"end":{"line":40,"column":3}},"loc":{"start":{"line":40,"column":28},"end":{"line":44,"column":3}},"line":40}},"branchMap":{},"s":{"0":1,"1":1,"2":0,"3":0,"4":0,"5":2,"6":2,"7":4,"8":4,"9":3,"10":1},"f":{"0":0,"1":2,"2":2,"3":4,"4":4,"5":3},"b":{},"_coverageSchema":"1a1c01bbd47fc00a2c39e90264f33305004495a9","hash":"1bfa75e321ab685a3431fabc1836417ec098d82b"}
,"C:\\Users\\m_ali\\My Folder\\Okul\\3.Sınıf\\1.Dönem\\Servis Odaklı Mimari\\web-server\\socketChatApp\\spn16.js": {"path":"C:\\Users\\m_ali\\My Folder\\Okul\\3.Sınıf\\1.Dönem\\Servis Odaklı Mimari\\web-server\\socketChatApp\\spn16.js","statementMap":{"0":{"start":{"line":3,"column":4},"end":{"line":3,"column":28}},"1":{"start":{"line":4,"column":4},"end":{"line":4,"column":70}},"2":{"start":{"line":8,"column":18},"end":{"line":8,"column":61}},"3":{"start":{"line":10,"column":4},"end":{"line":14,"column":5}},"4":{"start":{"line":11,"column":6},"end":{"line":11,"column":42}},"5":{"start":{"line":13,"column":6},"end":{"line":13,"column":75}},"6":{"start":{"line":15,"column":4},"end":{"line":15,"column":18}},"7":{"start":{"line":19,"column":4},"end":{"line":24,"column":16}},"8":{"start":{"line":22,"column":8},"end":{"line":22,"column":63}},"9":{"start":{"line":28,"column":17},"end":{"line":28,"column":19}},"10":{"start":{"line":29,"column":4},"end":{"line":31,"column":5}},"11":{"start":{"line":29,"column":17},"end":{"line":29,"column":18}},"12":{"start":{"line":30,"column":6},"end":{"line":30,"column":43}},"13":{"start":{"line":32,"column":18},"end":{"line":32,"column":20}},"14":{"start":{"line":33,"column":4},"end":{"line":35,"column":5}},"15":{"start":{"line":33,"column":17},"end":{"line":33,"column":18}},"16":{"start":{"line":34,"column":6},"end":{"line":34,"column":64}},"17":{"start":{"line":36,"column":4},"end":{"line":36,"column":28}},"18":{"start":{"line":40,"column":17},"end":{"line":40,"column":19}},"19":{"start":{"line":41,"column":4},"end":{"line":41,"column":22}},"20":{"start":{"line":42,"column":4},"end":{"line":42,"column":22}},"21":{"start":{"line":43,"column":4},"end":{"line":43,"column":23}},"22":{"start":{"line":44,"column":4},"end":{"line":44,"column":22}},"23":{"start":{"line":45,"column":4},"end":{"line":45,"column":22}},"24":{"start":{"line":46,"column":4},"end":{"line":46,"column":22}},"25":{"start":{"line":47,"column":4},"end":{"line":47,"column":23}},"26":{"start":{"line":48,"column":4},"end":{"line":48,"column":22}},"27":{"start":{"line":49,"column":4},"end":{"line":49,"column":23}},"28":{"start":{"line":50,"column":4},"end":{"line":50,"column":22}},"29":{"start":{"line":51,"column":4},"end":{"line":51,"column":23}},"30":{"start":{"line":52,"column":4},"end":{"line":52,"column":22}},"31":{"start":{"line":53,"column":4},"end":{"line":53,"column":22}},"32":{"start":{"line":54,"column":4},"end":{"line":54,"column":23}},"33":{"start":{"line":55,"column":4},"end":{"line":55,"column":22}},"34":{"start":{"line":56,"column":4},"end":{"line":56,"column":23}},"35":{"start":{"line":57,"column":4},"end":{"line":57,"column":18}},"36":{"start":{"line":61,"column":18},"end":{"line":61,"column":20}},"37":{"start":{"line":62,"column":4},"end":{"line":62,"column":23}},"38":{"start":{"line":63,"column":4},"end":{"line":63,"column":23}},"39":{"start":{"line":64,"column":4},"end":{"line":64,"column":23}},"40":{"start":{"line":65,"column":4},"end":{"line":65,"column":24}},"41":{"start":{"line":66,"column":4},"end":{"line":66,"column":23}},"42":{"start":{"line":67,"column":4},"end":{"line":67,"column":23}},"43":{"start":{"line":68,"column":4},"end":{"line":68,"column":24}},"44":{"start":{"line":69,"column":4},"end":{"line":69,"column":24}},"45":{"start":{"line":70,"column":4},"end":{"line":70,"column":23}},"46":{"start":{"line":71,"column":4},"end":{"line":71,"column":23}},"47":{"start":{"line":72,"column":4},"end":{"line":72,"column":24}},"48":{"start":{"line":73,"column":4},"end":{"line":73,"column":23}},"49":{"start":{"line":74,"column":4},"end":{"line":74,"column":23}},"50":{"start":{"line":75,"column":4},"end":{"line":75,"column":24}},"51":{"start":{"line":76,"column":4},"end":{"line":76,"column":23}},"52":{"start":{"line":77,"column":4},"end":{"line":77,"column":24}},"53":{"start":{"line":78,"column":4},"end":{"line":78,"column":19}},"54":{"start":{"line":82,"column":18},"end":{"line":82,"column":20}},"55":{"start":{"line":83,"column":14},"end":{"line":83,"column":15}},"56":{"start":{"line":84,"column":4},"end":{"line":87,"column":5}},"57":{"start":{"line":84,"column":17},"end":{"line":84,"column":18}},"58":{"start":{"line":85,"column":6},"end":{"line":85,"column":50}},"59":{"start":{"line":86,"column":6},"end":{"line":86,"column":29}},"60":{"start":{"line":88,"column":4},"end":{"line":88,"column":19}},"61":{"start":{"line":91,"column":17},"end":{"line":91,"column":42}},"62":{"start":{"line":92,"column":4},"end":{"line":92,"column":18}},"63":{"start":{"line":94,"column":26},"end":{"line":98,"column":3}},"64":{"start":{"line":95,"column":4},"end":{"line":95,"column":32}},"65":{"start":{"line":96,"column":17},"end":{"line":96,"column":40}},"66":{"start":{"line":97,"column":4},"end":{"line":97,"column":18}},"67":{"start":{"line":100,"column":4},"end":{"line":100,"column":38}},"68":{"start":{"line":101,"column":4},"end":{"line":101,"column":34}},"69":{"start":{"line":102,"column":21},"end":{"line":102,"column":23}},"70":{"start":{"line":103,"column":24},"end":{"line":103,"column":48}},"71":{"start":{"line":104,"column":15},"end":{"line":104,"column":28}},"72":{"start":{"line":105,"column":19},"end":{"line":105,"column":21}},"73":{"start":{"line":106,"column":18},"end":{"line":106,"column":20}},"74":{"start":{"line":107,"column":4},"end":{"line":120,"column":5}},"75":{"start":{"line":107,"column":17},"end":{"line":107,"column":18}},"76":{"start":{"line":108,"column":6},"end":{"line":108,"column":48}},"77":{"start":{"line":109,"column":6},"end":{"line":118,"column":7}},"78":{"start":{"line":109,"column":19},"end":{"line":109,"column":20}},"79":{"start":{"line":110,"column":8},"end":{"line":110,"column":60}},"80":{"start":{"line":112,"column":8},"end":{"line":116,"column":9}},"81":{"start":{"line":113,"column":10},"end":{"line":113,"column":48}},"82":{"start":{"line":115,"column":10},"end":{"line":115,"column":29}},"83":{"start":{"line":117,"column":8},"end":{"line":117,"column":23}},"84":{"start":{"line":119,"column":6},"end":{"line":119,"column":25}},"85":{"start":{"line":121,"column":4},"end":{"line":121,"column":22}},"86":{"start":{"line":125,"column":17},"end":{"line":125,"column":42}},"87":{"start":{"line":126,"column":4},"end":{"line":131,"column":5}},"88":{"start":{"line":127,"column":6},"end":{"line":127,"column":34}},"89":{"start":{"line":129,"column":6},"end":{"line":129,"column":26}},"90":{"start":{"line":130,"column":6},"end":{"line":130,"column":66}},"91":{"start":{"line":132,"column":4},"end":{"line":132,"column":18}},"92":{"start":{"line":135,"column":18},"end":{"line":135,"column":20}},"93":{"start":{"line":136,"column":4},"end":{"line":136,"column":34}},"94":{"start":{"line":137,"column":22},"end":{"line":137,"column":26}},"95":{"start":{"line":138,"column":21},"end":{"line":138,"column":23}},"96":{"start":{"line":139,"column":19},"end":{"line":139,"column":21}},"97":{"start":{"line":140,"column":15},"end":{"line":140,"column":17}},"98":{"start":{"line":142,"column":4},"end":{"line":155,"column":5}},"99":{"start":{"line":142,"column":17},"end":{"line":142,"column":18}},"100":{"start":{"line":143,"column":6},"end":{"line":143,"column":46}},"101":{"start":{"line":144,"column":6},"end":{"line":153,"column":7}},"102":{"start":{"line":144,"column":19},"end":{"line":144,"column":21}},"103":{"start":{"line":145,"column":8},"end":{"line":145,"column":60}},"104":{"start":{"line":147,"column":8},"end":{"line":151,"column":9}},"105":{"start":{"line":148,"column":10},"end":{"line":148,"column":29}},"106":{"start":{"line":150,"column":10},"end":{"line":150,"column":50}},"107":{"start":{"line":152,"column":8},"end":{"line":152,"column":23}},"108":{"start":{"line":154,"column":6},"end":{"line":154,"column":25}},"109":{"start":{"line":156,"column":17},"end":{"line":156,"column":47}},"110":{"start":{"line":157,"column":4},"end":{"line":157,"column":18}},"111":{"start":{"line":159,"column":26},"end":{"line":162,"column":3}},"112":{"start":{"line":160,"column":17},"end":{"line":160,"column":40}},"113":{"start":{"line":161,"column":4},"end":{"line":161,"column":18}},"114":{"start":{"line":165,"column":0},"end":{"line":165,"column":29}}},"fnMap":{"0":{"name":"(anonymous_0)","decl":{"start":{"line":2,"column":2},"end":{"line":2,"column":3}},"loc":{"start":{"line":2,"column":25},"end":{"line":5,"column":3}},"line":2},"1":{"name":"(anonymous_1)","decl":{"start":{"line":7,"column":2},"end":{"line":7,"column":3}},"loc":{"start":{"line":7,"column":24},"end":{"line":16,"column":3}},"line":7},"2":{"name":"(anonymous_2)","decl":{"start":{"line":18,"column":2},"end":{"line":18,"column":3}},"loc":{"start":{"line":18,"column":31},"end":{"line":25,"column":3}},"line":18},"3":{"name":"(anonymous_3)","decl":{"start":{"line":21,"column":11},"end":{"line":21,"column":12}},"loc":{"start":{"line":21,"column":27},"end":{"line":23,"column":7}},"line":21},"4":{"name":"(anonymous_4)","decl":{"start":{"line":27,"column":2},"end":{"line":27,"column":3}},"loc":{"start":{"line":27,"column":28},"end":{"line":37,"column":3}},"line":27},"5":{"name":"(anonymous_5)","decl":{"start":{"line":39,"column":2},"end":{"line":39,"column":3}},"loc":{"start":{"line":39,"column":28},"end":{"line":58,"column":3}},"line":39},"6":{"name":"(anonymous_6)","decl":{"start":{"line":60,"column":2},"end":{"line":60,"column":3}},"loc":{"start":{"line":60,"column":30},"end":{"line":79,"column":3}},"line":60},"7":{"name":"(anonymous_7)","decl":{"start":{"line":81,"column":2},"end":{"line":81,"column":3}},"loc":{"start":{"line":81,"column":29},"end":{"line":89,"column":3}},"line":81},"8":{"name":"(anonymous_8)","decl":{"start":{"line":90,"column":2},"end":{"line":90,"column":3}},"loc":{"start":{"line":90,"column":34},"end":{"line":93,"column":3}},"line":90},"9":{"name":"(anonymous_9)","decl":{"start":{"line":94,"column":26},"end":{"line":94,"column":27}},"loc":{"start":{"line":94,"column":41},"end":{"line":98,"column":3}},"line":94},"10":{"name":"(anonymous_10)","decl":{"start":{"line":99,"column":2},"end":{"line":99,"column":3}},"loc":{"start":{"line":99,"column":28},"end":{"line":122,"column":3}},"line":99},"11":{"name":"(anonymous_11)","decl":{"start":{"line":124,"column":2},"end":{"line":124,"column":3}},"loc":{"start":{"line":124,"column":34},"end":{"line":133,"column":3}},"line":124},"12":{"name":"(anonymous_12)","decl":{"start":{"line":134,"column":2},"end":{"line":134,"column":3}},"loc":{"start":{"line":134,"column":28},"end":{"line":158,"column":3}},"line":134},"13":{"name":"(anonymous_13)","decl":{"start":{"line":159,"column":26},"end":{"line":159,"column":27}},"loc":{"start":{"line":159,"column":41},"end":{"line":162,"column":3}},"line":159}},"branchMap":{"0":{"loc":{"start":{"line":112,"column":8},"end":{"line":116,"column":9}},"type":"if","locations":[{"start":{"line":112,"column":8},"end":{"line":116,"column":9}},{"start":{"line":114,"column":15},"end":{"line":116,"column":9}}],"line":112},"1":{"loc":{"start":{"line":147,"column":8},"end":{"line":151,"column":9}},"type":"if","locations":[{"start":{"line":147,"column":8},"end":{"line":151,"column":9}},{"start":{"line":149,"column":15},"end":{"line":151,"column":9}}],"line":147},"2":{"loc":{"start":{"line":147,"column":12},"end":{"line":147,"column":29}},"type":"binary-expr","locations":[{"start":{"line":147,"column":12},"end":{"line":147,"column":19}},{"start":{"line":147,"column":23},"end":{"line":147,"column":29}}],"line":147}},"s":{"0":4,"1":4,"2":0,"3":0,"4":0,"5":0,"6":0,"7":12,"8":176,"9":4,"10":4,"11":4,"12":112,"13":4,"14":4,"15":4,"16":112,"17":4,"18":112,"19":112,"20":112,"21":112,"22":112,"23":112,"24":112,"25":112,"26":112,"27":112,"28":112,"29":112,"30":112,"31":112,"32":112,"33":112,"34":112,"35":112,"36":112,"37":112,"38":112,"39":112,"40":112,"41":112,"42":112,"43":112,"44":112,"45":112,"46":112,"47":112,"48":112,"49":112,"50":112,"51":112,"52":112,"53":112,"54":448,"55":448,"56":448,"57":448,"58":7168,"59":7168,"60":448,"61":0,"62":0,"63":1,"64":4,"65":4,"66":4,"67":4,"68":4,"69":4,"70":4,"71":4,"72":4,"73":4,"74":4,"75":4,"76":56,"77":56,"78":56,"79":224,"80":224,"81":112,"82":112,"83":224,"84":56,"85":4,"86":0,"87":0,"88":0,"89":0,"90":0,"91":0,"92":4,"93":4,"94":4,"95":4,"96":4,"97":4,"98":4,"99":4,"100":56,"101":56,"102":56,"103":224,"104":224,"105":112,"106":112,"107":224,"108":56,"109":4,"110":4,"111":1,"112":4,"113":4,"114":1},"f":{"0":4,"1":0,"2":12,"3":176,"4":4,"5":112,"6":112,"7":448,"8":0,"9":4,"10":4,"11":0,"12":4,"13":4},"b":{"0":[112,112],"1":[112,112],"2":[224,168]},"_coverageSchema":"1a1c01bbd47fc00a2c39e90264f33305004495a9","hash":"b4a47c652b961aa1a0b6bf0d510df2f28a32aa86"}
}
