TN:
SF:cryptoHelper.js
FN:5,(anonymous_0)
FN:11,(anonymous_1)
FN:23,(anonymous_2)
FN:32,(anonymous_3)
FN:36,(anonymous_4)
FN:40,(anonymous_5)
FNF:6
FNH:5
FNDA:0,(anonymous_0)
FNDA:2,(anonymous_1)
FNDA:2,(anonymous_2)
FNDA:4,(anonymous_3)
FNDA:4,(anonymous_4)
FNDA:3,(anonymous_5)
DA:1,1
DA:2,1
DA:6,0
DA:7,0
DA:8,0
DA:12,2
DA:24,2
DA:33,4
DA:37,4
DA:41,3
DA:48,1
LF:11
LH:8
BRF:0
BRH:0
end_of_record
TN:
SF:spn16.js
FN:2,(anonymous_0)
FN:7,(anonymous_1)
FN:18,(anonymous_2)
FN:21,(anonymous_3)
FN:27,(anonymous_4)
FN:39,(anonymous_5)
FN:60,(anonymous_6)
FN:81,(anonymous_7)
FN:90,(anonymous_8)
FN:94,(anonymous_9)
FN:99,(anonymous_10)
FN:124,(anonymous_11)
FN:134,(anonymous_12)
FN:159,(anonymous_13)
FNF:14
FNH:11
FNDA:4,(anonymous_0)
FNDA:0,(anonymous_1)
FNDA:12,(anonymous_2)
FNDA:176,(anonymous_3)
FNDA:4,(anonymous_4)
FNDA:112,(anonymous_5)
FNDA:112,(anonymous_6)
FNDA:448,(anonymous_7)
FNDA:0,(anonymous_8)
FNDA:4,(anonymous_9)
FNDA:4,(anonymous_10)
FNDA:0,(anonymous_11)
FNDA:4,(anonymous_12)
FNDA:4,(anonymous_13)
DA:3,4
DA:4,4
DA:8,0
DA:10,0
DA:11,0
DA:13,0
DA:15,0
DA:19,12
DA:22,176
DA:28,4
DA:29,4
DA:30,112
DA:32,4
DA:33,4
DA:34,112
DA:36,4
DA:40,112
DA:41,112
DA:42,112
DA:43,112
DA:44,112
DA:45,112
DA:46,112
DA:47,112
DA:48,112
DA:49,112
DA:50,112
DA:51,112
DA:52,112
DA:53,112
DA:54,112
DA:55,112
DA:56,112
DA:57,112
DA:61,112
DA:62,112
DA:63,112
DA:64,112
DA:65,112
DA:66,112
DA:67,112
DA:68,112
DA:69,112
DA:70,112
DA:71,112
DA:72,112
DA:73,112
DA:74,112
DA:75,112
DA:76,112
DA:77,112
DA:78,112
DA:82,448
DA:83,448
DA:84,448
DA:85,7168
DA:86,7168
DA:88,448
DA:91,0
DA:92,0
DA:94,1
DA:95,4
DA:96,4
DA:97,4
DA:100,4
DA:101,4
DA:102,4
DA:103,4
DA:104,4
DA:105,4
DA:106,4
DA:107,4
DA:108,56
DA:109,56
DA:110,224
DA:112,224
DA:113,112
DA:115,112
DA:117,224
DA:119,56
DA:121,4
DA:125,0
DA:126,0
DA:127,0
DA:129,0
DA:130,0
DA:132,0
DA:135,4
DA:136,4
DA:137,4
DA:138,4
DA:139,4
DA:140,4
DA:142,4
DA:143,56
DA:144,56
DA:145,224
DA:147,224
DA:148,112
DA:150,112
DA:152,224
DA:154,56
DA:156,4
DA:157,4
DA:159,1
DA:160,4
DA:161,4
DA:165,1
LF:108
LH:95
BRDA:112,0,0,112
BRDA:112,0,1,112
BRDA:147,1,0,112
BRDA:147,1,1,112
BRDA:147,2,0,224
BRDA:147,2,1,168
BRF:6
BRH:6
end_of_record
